FXC : warning X4717: Effects deprecated for D3DCompiler_47
  
  compilation object save succeeded; see C:\Users\stgo5015\Documents\GitHub\Direct11_FF13\Client\Bin\Shader_VtxModel.cso
  Ability.cpp
  Body.cpp
C:\Users\stgo5015\Documents\GitHub\Direct11_FF13\Client\Private\Body.cpp(108,7): warning C4267: '인수': 'size_t'에서 'Engine::_uint'(으)로 변환하면서 데이터가 손실될 수 있습니다.
C:\Users\stgo5015\Documents\GitHub\Direct11_FF13\Client\Private\Body.cpp(111,7): warning C4267: '인수': 'size_t'에서 'Engine::_uint'(으)로 변환하면서 데이터가 손실될 수 있습니다.
C:\Users\stgo5015\Documents\GitHub\Direct11_FF13\Client\Private\Body.cpp(118,23): warning C4267: '인수': 'size_t'에서 'Engine::_uint'(으)로 변환하면서 데이터가 손실될 수 있습니다.
  Body_Player.cpp
  Boss.cpp
  Boss_State_Attack_Magic.cpp
  Boss_State_Attack_Physic.cpp
  Boss_State_Field.cpp
  Boss_State_Hit.cpp
  Boss_State_Idle.cpp
  Boss_State_Skill_Barrier.cpp
  Boss_State_Skill_HellBlast.cpp
  Bullet.cpp
  Camera_Battle.cpp
  Camera_Field.cpp
  Camera_Free.cpp
  Chr_Battle.cpp
  Chr_Battle_Light.cpp
  Chr_Battle_Light_State_Attack.cpp
  Chr_Battle_Light_State_Dead.cpp
  Chr_Battle_Light_State_Finish.cpp
  코드를 생성하고 있습니다...
  컴파일하고 있습니다...
  Chr_Battle_Light_State_Hit.cpp
  Chr_Battle_Light_State_Idle.cpp
  Chr_Battle_Light_State_Item.cpp
  Chr_Battle_Light_State_Optima.cpp
  Chr_Battle_Light_State_Prepare.cpp
  Chr_Battle_Sazh.cpp
  Chr_Battle_Sazh_State_Attack.cpp
  Chr_Battle_Sazh_State_Dead.cpp
  Chr_Battle_Sazh_State_Finish.cpp
  Chr_Battle_Sazh_State_Hit.cpp
  Chr_Battle_Sazh_State_Idle.cpp
  Chr_Battle_Sazh_State_Optima.cpp
  Chr_Battle_Sazh_State_Skill.cpp
  Chr_Battle_Vanila.cpp
  Chr_Battle_Vanila_State_Dead.cpp
  Chr_Battle_Vanila_State_Finish.cpp
  Chr_Battle_Vanila_State_Heal.cpp
  Chr_Battle_Vanila_State_Hit.cpp
  Chr_Battle_Vanila_State_Idle.cpp
  Chr_Battle_Vanila_State_Optima.cpp
  코드를 생성하고 있습니다...
  컴파일하고 있습니다...
  Chr_Battle_Vanila_State_Skill.cpp
  Chr_Field.cpp
C:\Users\stgo5015\Documents\GitHub\Direct11_FF13\Client\Private\Chr_Field.cpp(181,7): warning C4267: '인수': 'size_t'에서 'Engine::_uint'(으)로 변환하면서 데이터가 손실될 수 있습니다.
C:\Users\stgo5015\Documents\GitHub\Direct11_FF13\Client\Private\Chr_Field.cpp(184,7): warning C4267: '인수': 'size_t'에서 'Engine::_uint'(으)로 변환하면서 데이터가 손실될 수 있습니다.
C:\Users\stgo5015\Documents\GitHub\Direct11_FF13\Client\Private\Chr_Field.cpp(191,23): warning C4267: '인수': 'size_t'에서 'Engine::_uint'(으)로 변환하면서 데이터가 손실될 수 있습니다.
  Chr_Field_State_Battle_Begin.cpp
  Chr_Field_State_Idle.cpp
  Chr_Field_State_Item.cpp
  Chr_Field_State_Move.cpp
  Chr_Field_State_Walk.cpp
  Corpse.cpp
  Effect.cpp
  EffectTool.cpp
  Effect_2D.cpp
  Effect_2D_Bone.cpp
  Effect_3D.cpp
  Effect_Camera_Look.cpp
  Effect_Instance.cpp
  Effect_Interface.cpp
  Electricity.cpp
  Electricity_Left.cpp
  Forklift.cpp
  Grid.cpp
  코드를 생성하고 있습니다...
  컴파일하고 있습니다...
  HellBlast.cpp
  ImGUI_Manager.cpp
  Inventory.cpp
  Leopard.cpp
  Leopard_State_Attack.cpp
  Leopard_State_Field.cpp
  Leopard_State_Hit.cpp
  Leopard_State_Idle.cpp
  Leopard_State_Start.cpp
  Level_Battle.cpp
  Level_Boss_Battle.cpp
  Level_EffectTool.cpp
  Level_Field.cpp
  Level_Field_Boss.cpp
  Level_GamePlay.cpp
  Level_Loading.cpp
  Level_Logo.cpp
  Level_MapTool.cpp
  Level_Parsing.cpp
  Loader.cpp
  코드를 생성하고 있습니다...
  컴파일하고 있습니다...
  MapObject.cpp
  MapTool.cpp
C:\Program Files\Microsoft Visual Studio\2022\Community\VC\Tools\MSVC\14.39.33519\include\xutility(4537,18): warning C4244: '=': 'wchar_t'에서 'char'(으)로 변환하면서 데이터가 손실될 수 있습니다.
  (소스 파일 '../Private/MapTool.cpp'을(를) 컴파일하는 중)
  C:\Program Files\Microsoft Visual Studio\2022\Community\VC\Tools\MSVC\14.39.33519\include\xutility(4537,18):
  템플릿 인스턴스화 컨텍스트(가장 오래된 인스턴스화 컨텍스트)가
  	C:\Users\stgo5015\Documents\GitHub\Direct11_FF13\Client\Private\MapTool.cpp(239,28):
  	컴파일되는 함수 템플릿 인스턴스화 'std::basic_string<char,std::char_traits<char>,std::allocator<char>> &std::basic_string<char,std::char_traits<char>,std::allocator<char>>::assign<std::_String_iterator<std::_String_val<std::_Simple_types<_Elem>>>,0>(const _Iter,const _Iter)'에 대한 참조를 확인하세요.
          with
          [
              _Elem=wchar_t,
              _Iter=std::_String_iterator<std::_String_val<std::_Simple_types<wchar_t>>>
          ]
  		C:\Users\stgo5015\Documents\GitHub\Direct11_FF13\Client\Private\MapTool.cpp(239,35):
  		'Client::CMapTool::ModelList_Window'에서 'std::basic_string<char,std::char_traits<char>,std::allocator<char>>::assign'에 대한 첫 번째 참조를 확인하세요.
  	C:\Program Files\Microsoft Visual Studio\2022\Community\VC\Tools\MSVC\14.39.33519\include\xstring(3463,32):
  	컴파일되는 함수 템플릿 인스턴스화 'std::basic_string<char,std::char_traits<char>,std::allocator<char>>::basic_string<wchar_t*,0>(_Iter,_Iter,const _Alloc &)'에 대한 참조를 확인하세요.
          with
          [
              _Iter=wchar_t *,
              _Alloc=std::allocator<char>
          ]
  	C:\Program Files\Microsoft Visual Studio\2022\Community\VC\Tools\MSVC\14.39.33519\include\xstring(2600,17):
  	컴파일되는 함수 템플릿 인스턴스화 'void std::basic_string<char,std::char_traits<char>,std::allocator<char>>::_Construct_from_iter<wchar_t*,wchar_t*,_Size_type>(_Iter,const _Sent,_Size)'에 대한 참조를 확인하세요.
          with
          [
              _Size_type=unsigned __int64,
              _Iter=wchar_t *,
              _Sent=wchar_t *,
              _Size=unsigned __int64
          ]
  	C:\Program Files\Microsoft Visual Studio\2022\Community\VC\Tools\MSVC\14.39.33519\include\xstring(2756,18):
  	컴파일되는 함수 템플릿 인스턴스화 '_OutIt *std::_Copy_n_unchecked4<wchar_t*,_Size,char*>(_InIt,_SizeTy,_OutIt)'에 대한 참조를 확인하세요.
          with
          [
              _OutIt=char *,
              _Size=unsigned __int64,
              _InIt=wchar_t *,
              _SizeTy=unsigned __int64
          ]
  
  Monster.cpp
C:\Users\stgo5015\Documents\GitHub\Direct11_FF13\Client\Private\Monster.cpp(143,13): warning C4267: '인수': 'size_t'에서 'Engine::_uint'(으)로 변환하면서 데이터가 손실될 수 있습니다.
C:\Users\stgo5015\Documents\GitHub\Direct11_FF13\Client\Private\Monster.cpp(146,13): warning C4267: '인수': 'size_t'에서 'Engine::_uint'(으)로 변환하면서 데이터가 손실될 수 있습니다.
C:\Users\stgo5015\Documents\GitHub\Direct11_FF13\Client\Private\Monster.cpp(153,29): warning C4267: '인수': 'size_t'에서 'Engine::_uint'(으)로 변환하면서 데이터가 손실될 수 있습니다.
C:\Users\stgo5015\Documents\GitHub\Direct11_FF13\Client\Private\Monster.cpp(251,24): warning C4244: '+=': 'float'에서 'Engine::_int'(으)로 변환하면서 데이터가 손실될 수 있습니다.
  Monster_Study.cpp
  Optima.cpp
  Particle_Blue.cpp
  Player_Battle.cpp
  Player_Study.cpp
  Role.cpp
  Sky.cpp
  Solider.cpp
  Solider_Gun.cpp
  Solider_Gun_State_Attack.cpp
  Solider_State_Attack.cpp
  Solider_State_Field.cpp
  Solider_State_Hit.cpp
  Solider_State_Idle.cpp
  Solider_State_Start.cpp
  Sphere.cpp
  Sphere_Heal.cpp
  코드를 생성하고 있습니다...
  컴파일하고 있습니다...
  Terrain.cpp
  Trigger.cpp
  Troup.cpp
  UI.cpp
  UI_ATB.cpp
  UI_Battle_Stage_Command.cpp
  UI_Battle_Stage_Finish.cpp
  UI_Battle_Stage_Item.cpp
  UI_Battle_Stage_Optima.cpp
  UI_Battle_Stage_Select.cpp
  UI_Battle_Stage_Target.cpp
  UI_Battle_Stage_Target_Member.cpp
  UI_Battle_Stage_Wait.cpp
  UI_Battle_Stage_Wait_Optima.cpp
  UI_Chain.cpp
  UI_Chr.cpp
  UI_Cursor.cpp
  UI_Monster_Hp.cpp
  UI_Number.cpp
  UI_Optima.cpp
  코드를 생성하고 있습니다...
  컴파일하고 있습니다...
  UI_Optima_Change.cpp
  UI_Optima_Info.cpp
  UI_Pnal.cpp
  UI_Pnal_Attack.cpp
  UI_Pnal_Item.cpp
  UI_Skill.cpp
  Warload.cpp
  Warload_State_Attack.cpp
  Warload_State_Field.cpp
  Warload_State_Hit.cpp
  Warload_State_Idle.cpp
  Warload_State_Skill.cpp
C:\Users\stgo5015\Documents\GitHub\Direct11_FF13\Client\Private\Warload_State_Skill.cpp(83,47): warning C4244: '+=': 'double'에서 'float'(으)로 변환하면서 데이터가 손실될 수 있습니다.
  Warload_State_Start.cpp
  Weapon_Anim.cpp
C:\Users\stgo5015\Documents\GitHub\Direct11_FF13\Client\Private\Weapon_Anim.cpp(130,7): warning C4267: '인수': 'size_t'에서 'Engine::_uint'(으)로 변환하면서 데이터가 손실될 수 있습니다.
C:\Users\stgo5015\Documents\GitHub\Direct11_FF13\Client\Private\Weapon_Anim.cpp(133,7): warning C4267: '인수': 'size_t'에서 'Engine::_uint'(으)로 변환하면서 데이터가 손실될 수 있습니다.
C:\Users\stgo5015\Documents\GitHub\Direct11_FF13\Client\Private\Weapon_Anim.cpp(140,23): warning C4267: '인수': 'size_t'에서 'Engine::_uint'(으)로 변환하면서 데이터가 손실될 수 있습니다.
  Weapon_Study.cpp
  BackGround.cpp
  MainApp.cpp
  Client.cpp
C:\Users\stgo5015\Documents\GitHub\Direct11_FF13\Client\Default\Client.cpp(67,15): warning C4244: '인수': 'time_t'에서 'unsigned int'(으)로 변환하면서 데이터가 손실될 수 있습니다.
  코드를 생성하고 있습니다...
DirectXTKd.lib(ScreenGrab.obj) : warning LNK4099: '' PDB를 'DirectXTKd.lib(ScreenGrab.obj)' 또는 ''에서 찾을 수 없습니다. 디버그 정보가 없는 것처럼 개체를 링크합니다.
DirectXTKd.lib(WICTextureLoader.obj) : warning LNK4099: '' PDB를 'DirectXTKd.lib(WICTextureLoader.obj)' 또는 ''에서 찾을 수 없습니다. 디버그 정보가 없는 것처럼 개체를 링크합니다.
DirectXTKd.lib(pch.obj) : warning LNK4099: '' PDB를 'DirectXTKd.lib(pch.obj)' 또는 ''에서 찾을 수 없습니다. 디버그 정보가 없는 것처럼 개체를 링크합니다.
     ../Bin/Client.lib 라이브러리 및 ../Bin/Client.exp 개체를 생성하고 있습니다.
  Client.vcxproj -> C:\Users\stgo5015\Documents\GitHub\Direct11_FF13\Client\Bin\Client.exe
