c:\users\stgo5015\documents\github\direct11_ff13\client\default\x64\debug\client.pch
c:\users\stgo5015\documents\github\direct11_ff13\client\default\x64\debug\vc143.pdb
c:\users\stgo5015\documents\github\direct11_ff13\client\default\x64\debug\vc143.idb
c:\users\stgo5015\documents\github\direct11_ff13\client\default\x64\debug\stdafx.obj
c:\users\stgo5015\documents\github\direct11_ff13\client\default\x64\debug\chr_battle_sazh_state_dead.obj
c:\users\stgo5015\documents\github\direct11_ff13\client\default\x64\debug\chr_battle_sazh_state_attack.obj
c:\users\stgo5015\documents\github\direct11_ff13\client\default\x64\debug\chr_battle_sazh.obj
c:\users\stgo5015\documents\github\direct11_ff13\client\default\x64\debug\chr_battle_light_state_finish.obj
c:\users\stgo5015\documents\github\direct11_ff13\client\default\x64\debug\chr_battle_light_state_prepare.obj
c:\users\stgo5015\documents\github\direct11_ff13\client\default\x64\debug\chr_battle_light_state_optima.obj
c:\users\stgo5015\documents\github\direct11_ff13\client\default\x64\debug\chr_battle_light_state_item.obj
c:\users\stgo5015\documents\github\direct11_ff13\client\default\x64\debug\chr_battle_light_state_idle.obj
c:\users\stgo5015\documents\github\direct11_ff13\client\default\x64\debug\chr_battle_light_state_hit.obj
c:\users\stgo5015\documents\github\direct11_ff13\client\default\x64\debug\chr_battle_light_state_dead.obj
c:\users\stgo5015\documents\github\direct11_ff13\client\default\x64\debug\chr_battle_light_state_attack.obj
c:\users\stgo5015\documents\github\direct11_ff13\client\default\x64\debug\chr_battle_light.obj
c:\users\stgo5015\documents\github\direct11_ff13\client\default\x64\debug\chr_battle.obj
c:\users\stgo5015\documents\github\direct11_ff13\client\default\x64\debug\camera_field.obj
c:\users\stgo5015\documents\github\direct11_ff13\client\default\x64\debug\camera_free.obj
c:\users\stgo5015\documents\github\direct11_ff13\client\default\x64\debug\body.obj
c:\users\stgo5015\documents\github\direct11_ff13\client\default\x64\debug\background.obj
c:\users\stgo5015\documents\github\direct11_ff13\client\default\x64\debug\ability.obj
c:\users\stgo5015\documents\github\direct11_ff13\client\default\x64\debug\leopard_state_idle.obj
c:\users\stgo5015\documents\github\direct11_ff13\client\default\x64\debug\leopard_state_hit.obj
c:\users\stgo5015\documents\github\direct11_ff13\client\default\x64\debug\leopard_state_field.obj
c:\users\stgo5015\documents\github\direct11_ff13\client\default\x64\debug\leopard_state_attack.obj
c:\users\stgo5015\documents\github\direct11_ff13\client\default\x64\debug\leopard.obj
c:\users\stgo5015\documents\github\direct11_ff13\client\default\x64\debug\inventory.obj
c:\users\stgo5015\documents\github\direct11_ff13\client\default\x64\debug\imgui_manager.obj
c:\users\stgo5015\documents\github\direct11_ff13\client\default\x64\debug\grid.obj
c:\users\stgo5015\documents\github\direct11_ff13\client\default\x64\debug\chr_field_state_walk.obj
c:\users\stgo5015\documents\github\direct11_ff13\client\default\x64\debug\chr_field_state_item.obj
c:\users\stgo5015\documents\github\direct11_ff13\client\default\x64\debug\chr_field_state_idle.obj
c:\users\stgo5015\documents\github\direct11_ff13\client\default\x64\debug\chr_field_state_battle_begin.obj
c:\users\stgo5015\documents\github\direct11_ff13\client\default\x64\debug\chr_field.obj
c:\users\stgo5015\documents\github\direct11_ff13\client\default\x64\debug\chr_battle_vanila.obj
c:\users\stgo5015\documents\github\direct11_ff13\client\default\x64\debug\chr_battle_sazh_state_skill.obj
c:\users\stgo5015\documents\github\direct11_ff13\client\default\x64\debug\chr_battle_sazh_state_optima.obj
c:\users\stgo5015\documents\github\direct11_ff13\client\default\x64\debug\chr_battle_sazh_state_idle.obj
c:\users\stgo5015\documents\github\direct11_ff13\client\default\x64\debug\chr_battle_sazh_state_hit.obj
c:\users\stgo5015\documents\github\direct11_ff13\client\default\x64\debug\chr_battle_sazh_state_finish.obj
c:\users\stgo5015\documents\github\direct11_ff13\client\default\x64\debug\sky.obj
c:\users\stgo5015\documents\github\direct11_ff13\client\default\x64\debug\role.obj
c:\users\stgo5015\documents\github\direct11_ff13\client\default\x64\debug\player_battle.obj
c:\users\stgo5015\documents\github\direct11_ff13\client\default\x64\debug\optima.obj
c:\users\stgo5015\documents\github\direct11_ff13\client\default\x64\debug\monster.obj
c:\users\stgo5015\documents\github\direct11_ff13\client\default\x64\debug\maptool.obj
c:\users\stgo5015\documents\github\direct11_ff13\client\default\x64\debug\mapobject.obj
c:\users\stgo5015\documents\github\direct11_ff13\client\default\x64\debug\mainapp.obj
c:\users\stgo5015\documents\github\direct11_ff13\client\default\x64\debug\loader.obj
c:\users\stgo5015\documents\github\direct11_ff13\client\default\x64\debug\level_parsing.obj
c:\users\stgo5015\documents\github\direct11_ff13\client\default\x64\debug\level_maptool.obj
c:\users\stgo5015\documents\github\direct11_ff13\client\default\x64\debug\level_logo.obj
c:\users\stgo5015\documents\github\direct11_ff13\client\default\x64\debug\level_loading.obj
c:\users\stgo5015\documents\github\direct11_ff13\client\default\x64\debug\level_field.obj
c:\users\stgo5015\documents\github\direct11_ff13\client\default\x64\debug\level_battle.obj
c:\users\stgo5015\documents\github\direct11_ff13\client\default\x64\debug\leopard_state_start.obj
c:\users\stgo5015\documents\github\direct11_ff13\client\default\x64\debug\weapon_anim.obj
c:\users\stgo5015\documents\github\direct11_ff13\client\default\x64\debug\ui_pnal_item.obj
c:\users\stgo5015\documents\github\direct11_ff13\client\default\x64\debug\ui_pnal_attack.obj
c:\users\stgo5015\documents\github\direct11_ff13\client\default\x64\debug\ui_pnal.obj
c:\users\stgo5015\documents\github\direct11_ff13\client\default\x64\debug\ui_monster_hp.obj
c:\users\stgo5015\documents\github\direct11_ff13\client\default\x64\debug\ui_chr.obj
c:\users\stgo5015\documents\github\direct11_ff13\client\default\x64\debug\ui_cursor.obj
c:\users\stgo5015\documents\github\direct11_ff13\client\default\x64\debug\ui_chain.obj
c:\users\stgo5015\documents\github\direct11_ff13\client\default\x64\debug\ui_battle_stage_wait_optima.obj
c:\users\stgo5015\documents\github\direct11_ff13\client\default\x64\debug\ui_battle_stage_wait.obj
c:\users\stgo5015\documents\github\direct11_ff13\client\default\x64\debug\ui_battle_stage_target_member.obj
c:\users\stgo5015\documents\github\direct11_ff13\client\default\x64\debug\ui_battle_stage_target.obj
c:\users\stgo5015\documents\github\direct11_ff13\client\default\x64\debug\ui_battle_stage_select.obj
c:\users\stgo5015\documents\github\direct11_ff13\client\default\x64\debug\ui_battle_stage_optima.obj
c:\users\stgo5015\documents\github\direct11_ff13\client\default\x64\debug\ui_battle_stage_item.obj
c:\users\stgo5015\documents\github\direct11_ff13\client\default\x64\debug\ui_battle_stage_command.obj
c:\users\stgo5015\documents\github\direct11_ff13\client\default\x64\debug\ui_atb.obj
c:\users\stgo5015\documents\github\direct11_ff13\client\default\x64\debug\ui.obj
c:\users\stgo5015\documents\github\direct11_ff13\client\default\x64\debug\troup.obj
c:\users\stgo5015\documents\github\direct11_ff13\client\default\x64\debug\imgui_widgets.obj
c:\users\stgo5015\documents\github\direct11_ff13\client\default\x64\debug\imgui_tables.obj
c:\users\stgo5015\documents\github\direct11_ff13\client\default\x64\debug\imgui_impl_win32.obj
c:\users\stgo5015\documents\github\direct11_ff13\client\default\x64\debug\imgui_impl_dx11.obj
c:\users\stgo5015\documents\github\direct11_ff13\client\default\x64\debug\imgui_draw.obj
c:\users\stgo5015\documents\github\direct11_ff13\client\default\x64\debug\imgui_demo.obj
c:\users\stgo5015\documents\github\direct11_ff13\client\default\x64\debug\imguizmo.obj
c:\users\stgo5015\documents\github\direct11_ff13\client\default\x64\debug\imguifiledialog.obj
c:\users\stgo5015\documents\github\direct11_ff13\client\default\x64\debug\imgui.obj
c:\users\stgo5015\documents\github\direct11_ff13\client\default\x64\debug\client.obj
c:\users\stgo5015\documents\github\direct11_ff13\client\default\x64\debug\ui_number.obj
c:\users\stgo5015\documents\github\direct11_ff13\client\default\x64\debug\warload_state_start.obj
c:\users\stgo5015\documents\github\direct11_ff13\client\default\x64\debug\warload_state_skill.obj
c:\users\stgo5015\documents\github\direct11_ff13\client\default\x64\debug\warload_state_idle.obj
c:\users\stgo5015\documents\github\direct11_ff13\client\default\x64\debug\warload_state_hit.obj
c:\users\stgo5015\documents\github\direct11_ff13\client\default\x64\debug\warload_state_field.obj
c:\users\stgo5015\documents\github\direct11_ff13\client\default\x64\debug\warload_state_attack.obj
c:\users\stgo5015\documents\github\direct11_ff13\client\default\x64\debug\warload.obj
c:\users\stgo5015\documents\github\direct11_ff13\client\default\x64\debug\solider_state_start.obj
c:\users\stgo5015\documents\github\direct11_ff13\client\default\x64\debug\solider_state_idle.obj
c:\users\stgo5015\documents\github\direct11_ff13\client\default\x64\debug\solider_state_hit.obj
c:\users\stgo5015\documents\github\direct11_ff13\client\default\x64\debug\solider_state_field.obj
c:\users\stgo5015\documents\github\direct11_ff13\client\default\x64\debug\solider_state_attack.obj
c:\users\stgo5015\documents\github\direct11_ff13\client\default\x64\debug\solider.obj
c:\users\stgo5015\documents\github\direct11_ff13\client\default\x64\debug\solider_gun.obj
c:\users\stgo5015\documents\github\direct11_ff13\client\default\x64\debug\solider_gun_state_attack.obj
c:\users\stgo5015\documents\github\direct11_ff13\client\default\x64\debug\boss_state_skill_hellblast.obj
c:\users\stgo5015\documents\github\direct11_ff13\client\default\x64\debug\boss_state_skill_barrier.obj
c:\users\stgo5015\documents\github\direct11_ff13\client\default\x64\debug\boss_state_idle.obj
c:\users\stgo5015\documents\github\direct11_ff13\client\default\x64\debug\boss_state_hit.obj
c:\users\stgo5015\documents\github\direct11_ff13\client\default\x64\debug\boss_state_field.obj
c:\users\stgo5015\documents\github\direct11_ff13\client\default\x64\debug\boss_state_attack_physic.obj
c:\users\stgo5015\documents\github\direct11_ff13\client\default\x64\debug\boss_state_attack_magic.obj
c:\users\stgo5015\documents\github\direct11_ff13\client\default\x64\debug\boss.obj
c:\users\stgo5015\documents\github\direct11_ff13\client\default\x64\debug\trigger.obj
c:\users\stgo5015\documents\github\direct11_ff13\client\default\x64\debug\level_field_boss.obj
c:\users\stgo5015\documents\github\direct11_ff13\client\default\x64\debug\ui_battle_stage_finish.obj
c:\users\stgo5015\documents\github\direct11_ff13\client\default\x64\debug\level_boss_battle.obj
c:\users\stgo5015\documents\github\direct11_ff13\client\default\x64\debug\chr_battle_vanila_state_idle.obj
c:\users\stgo5015\documents\github\direct11_ff13\client\default\x64\debug\chr_battle_vanila_state_skill.obj
c:\users\stgo5015\documents\github\direct11_ff13\client\default\x64\debug\chr_battle_vanila_state_optima.obj
c:\users\stgo5015\documents\github\direct11_ff13\client\default\x64\debug\chr_battle_vanila_state_hit.obj
c:\users\stgo5015\documents\github\direct11_ff13\client\default\x64\debug\chr_battle_vanila_state_heal.obj
c:\users\stgo5015\documents\github\direct11_ff13\client\default\x64\debug\chr_battle_vanila_state_finish.obj
c:\users\stgo5015\documents\github\direct11_ff13\client\default\x64\debug\chr_battle_vanila_state_dead.obj
c:\users\stgo5015\documents\github\direct11_ff13\client\default\x64\debug\camera_battle.obj
c:\users\stgo5015\documents\github\direct11_ff13\client\default\x64\debug\ui_skill.obj
c:\users\stgo5015\documents\github\direct11_ff13\client\default\x64\debug\ui_optima_change.obj
c:\users\stgo5015\documents\github\direct11_ff13\client\default\x64\debug\chr_field_state_move.obj
c:\users\stgo5015\documents\github\direct11_ff13\client\default\x64\debug\ui_optima.obj
c:\users\stgo5015\documents\github\direct11_ff13\client\default\x64\debug\ui_optima_info.obj
c:\users\stgo5015\documents\github\direct11_ff13\client\default\x64\debug\sphere.obj
c:\users\stgo5015\documents\github\direct11_ff13\client\default\x64\debug\bullet.obj
c:\users\stgo5015\documents\github\direct11_ff13\client\default\x64\debug\sphere_heal.obj
c:\users\stgo5015\documents\github\direct11_ff13\client\default\x64\debug\effect_2d.obj
c:\users\stgo5015\documents\github\direct11_ff13\client\default\x64\debug\effect.obj
c:\users\stgo5015\documents\github\direct11_ff13\client\default\x64\debug\effect_3d.obj
c:\users\stgo5015\documents\github\direct11_ff13\client\default\x64\debug\effecttool.obj
c:\users\stgo5015\documents\github\direct11_ff13\client\default\x64\debug\level_effecttool.obj
c:\users\stgo5015\documents\github\direct11_ff13\client\default\x64\debug\effect_interface.obj
c:\users\stgo5015\documents\github\direct11_ff13\client\default\x64\debug\effect_instance.obj
c:\users\stgo5015\documents\github\direct11_ff13\client\default\x64\debug\effect_2d_bone.obj
c:\users\stgo5015\documents\github\direct11_ff13\client\default\x64\debug\effect_camera_look.obj
c:\users\stgo5015\documents\github\direct11_ff13\client\default\x64\debug\corpse.obj
c:\users\stgo5015\documents\github\direct11_ff13\client\default\x64\debug\electricity.obj
c:\users\stgo5015\documents\github\direct11_ff13\client\default\x64\debug\electricity_left.obj
c:\users\stgo5015\documents\github\direct11_ff13\client\default\x64\debug\hellblast.obj
c:\users\stgo5015\documents\github\direct11_ff13\client\default\x64\debug\loadingblur.obj
c:\users\stgo5015\documents\github\direct11_ff13\client\default\x64\debug\loadingoutblur.obj
c:\users\stgo5015\documents\github\direct11_ff13\client\default\x64\debug\ui_battle_stage_begin.obj
c:\users\stgo5015\documents\github\direct11_ff13\client\default\x64\debug\ui_warning.obj
c:\users\stgo5015\documents\github\direct11_ff13\client\bin\shader_cell.cso
c:\users\stgo5015\documents\github\direct11_ff13\client\bin\shader_vtxcube.cso
c:\users\stgo5015\documents\github\direct11_ff13\client\bin\shader_vtxinstance_rect.cso
c:\users\stgo5015\documents\github\direct11_ff13\client\bin\shader_vtxmodel.cso
c:\users\stgo5015\documents\github\direct11_ff13\client\bin\shader_vtxmodel_effect.cso
c:\users\stgo5015\documents\github\direct11_ff13\client\bin\shader_vtxnortex.cso
c:\users\stgo5015\documents\github\direct11_ff13\client\bin\shader_vtxpos.cso
c:\users\stgo5015\documents\github\direct11_ff13\client\bin\shader_vtxpostex.cso
c:\users\stgo5015\documents\github\direct11_ff13\client\bin\shader_vtxpostex_ui.cso
c:\users\stgo5015\documents\github\direct11_ff13\client\bin\shader_vtxinstance_point.cso
c:\users\stgo5015\documents\github\direct11_ff13\client\bin\shader_trail.cso
c:\users\stgo5015\documents\github\direct11_ff13\client\bin\shader_vtxanimmodel.cso
c:\users\stgo5015\documents\github\direct11_ff13\client\default\x64\debug\client.res
c:\users\stgo5015\documents\github\direct11_ff13\client\bin\client.lib
c:\users\stgo5015\documents\github\direct11_ff13\client\bin\client.exp
c:\users\stgo5015\documents\github\direct11_ff13\client\default\x64\debug\client.ilk
c:\users\stgo5015\documents\github\direct11_ff13\client\default\x64\debug\body_player.obj
c:\users\stgo5015\documents\github\direct11_ff13\client\default\x64\debug\chr.obj
c:\users\stgo5015\documents\github\direct11_ff13\client\default\x64\debug\cui_break.obj
c:\users\stgo5015\documents\github\direct11_ff13\client\default\x64\debug\dust_color.obj
c:\users\stgo5015\documents\github\direct11_ff13\client\default\x64\debug\forklift.obj
c:\users\stgo5015\documents\github\direct11_ff13\client\default\x64\debug\level_gameplay.obj
c:\users\stgo5015\documents\github\direct11_ff13\client\default\x64\debug\monster_study.obj
c:\users\stgo5015\documents\github\direct11_ff13\client\default\x64\debug\particle_blue.obj
c:\users\stgo5015\documents\github\direct11_ff13\client\default\x64\debug\player_study.obj
c:\users\stgo5015\documents\github\direct11_ff13\client\default\x64\debug\terrain.obj
c:\users\stgo5015\documents\github\direct11_ff13\client\default\x64\debug\weapon_study.obj
c:\users\stgo5015\documents\github\direct11_ff13\client\default\x64\debug\ability.obj.enc
c:\users\stgo5015\documents\github\direct11_ff13\client\default\x64\debug\background.obj.enc
c:\users\stgo5015\documents\github\direct11_ff13\client\default\x64\debug\body.obj.enc
c:\users\stgo5015\documents\github\direct11_ff13\client\default\x64\debug\body_player.obj.enc
c:\users\stgo5015\documents\github\direct11_ff13\client\default\x64\debug\boss.obj.enc
c:\users\stgo5015\documents\github\direct11_ff13\client\default\x64\debug\boss_state_attack_magic.obj.enc
c:\users\stgo5015\documents\github\direct11_ff13\client\default\x64\debug\boss_state_attack_physic.obj.enc
c:\users\stgo5015\documents\github\direct11_ff13\client\default\x64\debug\boss_state_field.obj.enc
c:\users\stgo5015\documents\github\direct11_ff13\client\default\x64\debug\boss_state_hit.obj.enc
c:\users\stgo5015\documents\github\direct11_ff13\client\default\x64\debug\boss_state_idle.obj.enc
c:\users\stgo5015\documents\github\direct11_ff13\client\default\x64\debug\boss_state_skill_barrier.obj.enc
c:\users\stgo5015\documents\github\direct11_ff13\client\default\x64\debug\boss_state_skill_hellblast.obj.enc
c:\users\stgo5015\documents\github\direct11_ff13\client\default\x64\debug\bullet.obj.enc
c:\users\stgo5015\documents\github\direct11_ff13\client\default\x64\debug\camera_battle.obj.enc
c:\users\stgo5015\documents\github\direct11_ff13\client\default\x64\debug\camera_field.obj.enc
c:\users\stgo5015\documents\github\direct11_ff13\client\default\x64\debug\camera_free.obj.enc
c:\users\stgo5015\documents\github\direct11_ff13\client\default\x64\debug\chr_battle.obj.enc
c:\users\stgo5015\documents\github\direct11_ff13\client\default\x64\debug\chr_battle_light.obj.enc
c:\users\stgo5015\documents\github\direct11_ff13\client\default\x64\debug\chr_battle_light_state_dead.obj.enc
c:\users\stgo5015\documents\github\direct11_ff13\client\default\x64\debug\chr_battle_light_state_finish.obj.enc
c:\users\stgo5015\documents\github\direct11_ff13\client\default\x64\debug\chr_battle_light_state_hit.obj.enc
c:\users\stgo5015\documents\github\direct11_ff13\client\default\x64\debug\chr_battle_light_state_idle.obj.enc
c:\users\stgo5015\documents\github\direct11_ff13\client\default\x64\debug\chr_battle_light_state_item.obj.enc
c:\users\stgo5015\documents\github\direct11_ff13\client\default\x64\debug\chr_battle_light_state_optima.obj.enc
c:\users\stgo5015\documents\github\direct11_ff13\client\default\x64\debug\chr_battle_light_state_prepare.obj.enc
c:\users\stgo5015\documents\github\direct11_ff13\client\default\x64\debug\chr_battle_sazh.obj.enc
c:\users\stgo5015\documents\github\direct11_ff13\client\default\x64\debug\chr_battle_sazh_state_attack.obj.enc
c:\users\stgo5015\documents\github\direct11_ff13\client\default\x64\debug\chr_battle_sazh_state_dead.obj.enc
c:\users\stgo5015\documents\github\direct11_ff13\client\default\x64\debug\chr_battle_sazh_state_finish.obj.enc
c:\users\stgo5015\documents\github\direct11_ff13\client\default\x64\debug\chr_battle_sazh_state_hit.obj.enc
c:\users\stgo5015\documents\github\direct11_ff13\client\default\x64\debug\chr_battle_sazh_state_idle.obj.enc
c:\users\stgo5015\documents\github\direct11_ff13\client\default\x64\debug\chr_battle_sazh_state_optima.obj.enc
c:\users\stgo5015\documents\github\direct11_ff13\client\default\x64\debug\chr_battle_sazh_state_skill.obj.enc
c:\users\stgo5015\documents\github\direct11_ff13\client\default\x64\debug\chr_battle_vanila.obj.enc
c:\users\stgo5015\documents\github\direct11_ff13\client\default\x64\debug\chr_battle_vanila_state_dead.obj.enc
c:\users\stgo5015\documents\github\direct11_ff13\client\default\x64\debug\chr_battle_vanila_state_finish.obj.enc
c:\users\stgo5015\documents\github\direct11_ff13\client\default\x64\debug\chr_battle_vanila_state_heal.obj.enc
c:\users\stgo5015\documents\github\direct11_ff13\client\default\x64\debug\chr_battle_vanila_state_hit.obj.enc
c:\users\stgo5015\documents\github\direct11_ff13\client\default\x64\debug\chr_battle_vanila_state_idle.obj.enc
c:\users\stgo5015\documents\github\direct11_ff13\client\default\x64\debug\chr_battle_vanila_state_optima.obj.enc
c:\users\stgo5015\documents\github\direct11_ff13\client\default\x64\debug\chr_battle_vanila_state_skill.obj.enc
c:\users\stgo5015\documents\github\direct11_ff13\client\default\x64\debug\chr_field.obj.enc
c:\users\stgo5015\documents\github\direct11_ff13\client\default\x64\debug\chr_field_state_battle_begin.obj.enc
c:\users\stgo5015\documents\github\direct11_ff13\client\default\x64\debug\chr_field_state_idle.obj.enc
c:\users\stgo5015\documents\github\direct11_ff13\client\default\x64\debug\chr_field_state_item.obj.enc
c:\users\stgo5015\documents\github\direct11_ff13\client\default\x64\debug\chr_field_state_move.obj.enc
c:\users\stgo5015\documents\github\direct11_ff13\client\default\x64\debug\chr_field_state_walk.obj.enc
c:\users\stgo5015\documents\github\direct11_ff13\client\default\x64\debug\client.obj.enc
c:\users\stgo5015\documents\github\direct11_ff13\client\default\x64\debug\corpse.obj.enc
c:\users\stgo5015\documents\github\direct11_ff13\client\default\x64\debug\effect.obj.enc
c:\users\stgo5015\documents\github\direct11_ff13\client\default\x64\debug\effecttool.obj.enc
c:\users\stgo5015\documents\github\direct11_ff13\client\default\x64\debug\effectt_2d_bone.obj.enc
c:\users\stgo5015\documents\github\direct11_ff13\client\default\x64\debug\effect_2d.obj.enc
c:\users\stgo5015\documents\github\direct11_ff13\client\default\x64\debug\effect_2d_bone.obj.enc
c:\users\stgo5015\documents\github\direct11_ff13\client\default\x64\debug\effect_3d.obj.enc
c:\users\stgo5015\documents\github\direct11_ff13\client\default\x64\debug\effect_camera_look.obj.enc
c:\users\stgo5015\documents\github\direct11_ff13\client\default\x64\debug\effect_instance.obj.enc
c:\users\stgo5015\documents\github\direct11_ff13\client\default\x64\debug\effect_interface.obj.enc
c:\users\stgo5015\documents\github\direct11_ff13\client\default\x64\debug\electricity.obj.enc
c:\users\stgo5015\documents\github\direct11_ff13\client\default\x64\debug\electricity_left.obj.enc
c:\users\stgo5015\documents\github\direct11_ff13\client\default\x64\debug\forklift.obj.enc
c:\users\stgo5015\documents\github\direct11_ff13\client\default\x64\debug\grid.obj.enc
c:\users\stgo5015\documents\github\direct11_ff13\client\default\x64\debug\imgui_manager.obj.enc
c:\users\stgo5015\documents\github\direct11_ff13\client\default\x64\debug\inventory.obj.enc
c:\users\stgo5015\documents\github\direct11_ff13\client\default\x64\debug\leopard.obj.enc
c:\users\stgo5015\documents\github\direct11_ff13\client\default\x64\debug\leopard_state_attack.obj.enc
c:\users\stgo5015\documents\github\direct11_ff13\client\default\x64\debug\leopard_state_field.obj.enc
c:\users\stgo5015\documents\github\direct11_ff13\client\default\x64\debug\leopard_state_hit.obj.enc
c:\users\stgo5015\documents\github\direct11_ff13\client\default\x64\debug\leopard_state_idle.obj.enc
c:\users\stgo5015\documents\github\direct11_ff13\client\default\x64\debug\leopard_state_start.obj.enc
c:\users\stgo5015\documents\github\direct11_ff13\client\default\x64\debug\level_battle.obj.enc
c:\users\stgo5015\documents\github\direct11_ff13\client\default\x64\debug\level_boss_battle.obj.enc
c:\users\stgo5015\documents\github\direct11_ff13\client\default\x64\debug\level_effecttool.obj.enc
c:\users\stgo5015\documents\github\direct11_ff13\client\default\x64\debug\level_field.obj.enc
c:\users\stgo5015\documents\github\direct11_ff13\client\default\x64\debug\level_field_boss.obj.enc
c:\users\stgo5015\documents\github\direct11_ff13\client\default\x64\debug\level_gameplay.obj.enc
c:\users\stgo5015\documents\github\direct11_ff13\client\default\x64\debug\level_loading.obj.enc
c:\users\stgo5015\documents\github\direct11_ff13\client\default\x64\debug\level_logo.obj.enc
c:\users\stgo5015\documents\github\direct11_ff13\client\default\x64\debug\level_maptool.obj.enc
c:\users\stgo5015\documents\github\direct11_ff13\client\default\x64\debug\level_parsing.obj.enc
c:\users\stgo5015\documents\github\direct11_ff13\client\default\x64\debug\loader.obj.enc
c:\users\stgo5015\documents\github\direct11_ff13\client\default\x64\debug\loadingoutblur.obj.enc
c:\users\stgo5015\documents\github\direct11_ff13\client\default\x64\debug\mainapp.obj.enc
c:\users\stgo5015\documents\github\direct11_ff13\client\default\x64\debug\mapobject.obj.enc
c:\users\stgo5015\documents\github\direct11_ff13\client\default\x64\debug\maptool.obj.enc
c:\users\stgo5015\documents\github\direct11_ff13\client\default\x64\debug\monster.obj.enc
c:\users\stgo5015\documents\github\direct11_ff13\client\default\x64\debug\monster_study.obj.enc
c:\users\stgo5015\documents\github\direct11_ff13\client\default\x64\debug\optima.obj.enc
c:\users\stgo5015\documents\github\direct11_ff13\client\default\x64\debug\particle_blue.obj.enc
c:\users\stgo5015\documents\github\direct11_ff13\client\default\x64\debug\player_battle.obj.enc
c:\users\stgo5015\documents\github\direct11_ff13\client\default\x64\debug\player_study.obj.enc
c:\users\stgo5015\documents\github\direct11_ff13\client\default\x64\debug\role.obj.enc
c:\users\stgo5015\documents\github\direct11_ff13\client\default\x64\debug\sky.obj.enc
c:\users\stgo5015\documents\github\direct11_ff13\client\default\x64\debug\solider.obj.enc
c:\users\stgo5015\documents\github\direct11_ff13\client\default\x64\debug\solider_gun.obj.enc
c:\users\stgo5015\documents\github\direct11_ff13\client\default\x64\debug\solider_gun_state_attack.obj.enc
c:\users\stgo5015\documents\github\direct11_ff13\client\default\x64\debug\solider_state_attack.obj.enc
c:\users\stgo5015\documents\github\direct11_ff13\client\default\x64\debug\solider_state_field.obj.enc
c:\users\stgo5015\documents\github\direct11_ff13\client\default\x64\debug\solider_state_hit.obj.enc
c:\users\stgo5015\documents\github\direct11_ff13\client\default\x64\debug\solider_state_idle.obj.enc
c:\users\stgo5015\documents\github\direct11_ff13\client\default\x64\debug\solider_state_start.obj.enc
c:\users\stgo5015\documents\github\direct11_ff13\client\default\x64\debug\sphere.obj.enc
c:\users\stgo5015\documents\github\direct11_ff13\client\default\x64\debug\sphere_heal.obj.enc
c:\users\stgo5015\documents\github\direct11_ff13\client\default\x64\debug\terrain.obj.enc
c:\users\stgo5015\documents\github\direct11_ff13\client\default\x64\debug\trigger.obj.enc
c:\users\stgo5015\documents\github\direct11_ff13\client\default\x64\debug\troup.obj.enc
c:\users\stgo5015\documents\github\direct11_ff13\client\default\x64\debug\ui.obj.enc
c:\users\stgo5015\documents\github\direct11_ff13\client\default\x64\debug\ui_atb.obj.enc
c:\users\stgo5015\documents\github\direct11_ff13\client\default\x64\debug\ui_battle_stage_command.obj.enc
c:\users\stgo5015\documents\github\direct11_ff13\client\default\x64\debug\ui_battle_stage_finish.obj.enc
c:\users\stgo5015\documents\github\direct11_ff13\client\default\x64\debug\ui_battle_stage_item.obj.enc
c:\users\stgo5015\documents\github\direct11_ff13\client\default\x64\debug\ui_battle_stage_optima.obj.enc
c:\users\stgo5015\documents\github\direct11_ff13\client\default\x64\debug\ui_battle_stage_select.obj.enc
c:\users\stgo5015\documents\github\direct11_ff13\client\default\x64\debug\ui_battle_stage_target.obj.enc
c:\users\stgo5015\documents\github\direct11_ff13\client\default\x64\debug\ui_battle_stage_target_member.obj.enc
c:\users\stgo5015\documents\github\direct11_ff13\client\default\x64\debug\ui_battle_stage_wait.obj.enc
c:\users\stgo5015\documents\github\direct11_ff13\client\default\x64\debug\ui_battle_stage_wait_optima.obj.enc
c:\users\stgo5015\documents\github\direct11_ff13\client\default\x64\debug\ui_chain.obj.enc
c:\users\stgo5015\documents\github\direct11_ff13\client\default\x64\debug\ui_chr.obj.enc
c:\users\stgo5015\documents\github\direct11_ff13\client\default\x64\debug\ui_cursor.obj.enc
c:\users\stgo5015\documents\github\direct11_ff13\client\default\x64\debug\ui_monster_hp.obj.enc
c:\users\stgo5015\documents\github\direct11_ff13\client\default\x64\debug\ui_number.obj.enc
c:\users\stgo5015\documents\github\direct11_ff13\client\default\x64\debug\ui_optima.obj.enc
c:\users\stgo5015\documents\github\direct11_ff13\client\default\x64\debug\ui_optima_change.obj.enc
c:\users\stgo5015\documents\github\direct11_ff13\client\default\x64\debug\ui_optima_info.obj.enc
c:\users\stgo5015\documents\github\direct11_ff13\client\default\x64\debug\ui_pnal.obj.enc
c:\users\stgo5015\documents\github\direct11_ff13\client\default\x64\debug\ui_pnal_attack.obj.enc
c:\users\stgo5015\documents\github\direct11_ff13\client\default\x64\debug\ui_pnal_item.obj.enc
c:\users\stgo5015\documents\github\direct11_ff13\client\default\x64\debug\ui_skill.obj.enc
c:\users\stgo5015\documents\github\direct11_ff13\client\default\x64\debug\ui_warning.obj.enc
c:\users\stgo5015\documents\github\direct11_ff13\client\default\x64\debug\warload.obj.enc
c:\users\stgo5015\documents\github\direct11_ff13\client\default\x64\debug\warload_state_attack.obj.enc
c:\users\stgo5015\documents\github\direct11_ff13\client\default\x64\debug\warload_state_field.obj.enc
c:\users\stgo5015\documents\github\direct11_ff13\client\default\x64\debug\warload_state_hit.obj.enc
c:\users\stgo5015\documents\github\direct11_ff13\client\default\x64\debug\warload_state_idle.obj.enc
c:\users\stgo5015\documents\github\direct11_ff13\client\default\x64\debug\warload_state_skill.obj.enc
c:\users\stgo5015\documents\github\direct11_ff13\client\default\x64\debug\warload_state_start.obj.enc
c:\users\stgo5015\documents\github\direct11_ff13\client\default\x64\debug\weapon_anim.obj.enc
c:\users\stgo5015\documents\github\direct11_ff13\client\default\x64\debug\weapon_study.obj.enc
c:\users\stgo5015\documents\github\direct11_ff13\client\default\x64\debug\client.tlog\cl.command.1.tlog
c:\users\stgo5015\documents\github\direct11_ff13\client\default\x64\debug\client.tlog\cl.items.tlog
c:\users\stgo5015\documents\github\direct11_ff13\client\default\x64\debug\client.tlog\cl.read.1.tlog
c:\users\stgo5015\documents\github\direct11_ff13\client\default\x64\debug\client.tlog\cl.write.1.tlog
c:\users\stgo5015\documents\github\direct11_ff13\client\default\x64\debug\client.tlog\fxc.command.1.tlog
c:\users\stgo5015\documents\github\direct11_ff13\client\default\x64\debug\client.tlog\fxc.read.1.tlog
c:\users\stgo5015\documents\github\direct11_ff13\client\default\x64\debug\client.tlog\fxc.write.1.tlog
c:\users\stgo5015\documents\github\direct11_ff13\client\default\x64\debug\client.tlog\link-cvtres.read.1.tlog
c:\users\stgo5015\documents\github\direct11_ff13\client\default\x64\debug\client.tlog\link-cvtres.write.1.tlog
c:\users\stgo5015\documents\github\direct11_ff13\client\default\x64\debug\client.tlog\link-rc.read.1.tlog
c:\users\stgo5015\documents\github\direct11_ff13\client\default\x64\debug\client.tlog\link-rc.write.1.tlog
c:\users\stgo5015\documents\github\direct11_ff13\client\default\x64\debug\client.tlog\link.command.1.tlog
c:\users\stgo5015\documents\github\direct11_ff13\client\default\x64\debug\client.tlog\link.delete.1.tlog
c:\users\stgo5015\documents\github\direct11_ff13\client\default\x64\debug\client.tlog\link.read.1.tlog
c:\users\stgo5015\documents\github\direct11_ff13\client\default\x64\debug\client.tlog\link.read.2.tlog
c:\users\stgo5015\documents\github\direct11_ff13\client\default\x64\debug\client.tlog\link.read.3.tlog
c:\users\stgo5015\documents\github\direct11_ff13\client\default\x64\debug\client.tlog\link.read.4.tlog
c:\users\stgo5015\documents\github\direct11_ff13\client\default\x64\debug\client.tlog\link.secondary.1.tlog
c:\users\stgo5015\documents\github\direct11_ff13\client\default\x64\debug\client.tlog\link.write.1.tlog
c:\users\stgo5015\documents\github\direct11_ff13\client\default\x64\debug\client.tlog\rc.command.1.tlog
c:\users\stgo5015\documents\github\direct11_ff13\client\default\x64\debug\client.tlog\rc.read.1.tlog
c:\users\stgo5015\documents\github\direct11_ff13\client\default\x64\debug\client.tlog\rc.write.1.tlog
