c:\users\stgo5015\documents\github\direct11_ff13\engine\default\x64\debug\vc143.pdb
c:\users\stgo5015\documents\github\direct11_ff13\engine\default\x64\debug\vc143.idb
c:\users\stgo5015\documents\github\direct11_ff13\engine\default\x64\debug\gameobject.obj
c:\users\stgo5015\documents\github\direct11_ff13\engine\default\x64\debug\gameinstance.obj
c:\users\stgo5015\documents\github\direct11_ff13\engine\default\x64\debug\fsm_state.obj
c:\users\stgo5015\documents\github\direct11_ff13\engine\default\x64\debug\fsm.obj
c:\users\stgo5015\documents\github\direct11_ff13\engine\default\x64\debug\font_manager.obj
c:\users\stgo5015\documents\github\direct11_ff13\engine\default\x64\debug\debugdraw.obj
c:\users\stgo5015\documents\github\direct11_ff13\engine\default\x64\debug\customfont.obj
c:\users\stgo5015\documents\github\direct11_ff13\engine\default\x64\debug\component_manager.obj
c:\users\stgo5015\documents\github\direct11_ff13\engine\default\x64\debug\component.obj
c:\users\stgo5015\documents\github\direct11_ff13\engine\default\x64\debug\collider.obj
c:\users\stgo5015\documents\github\direct11_ff13\engine\default\x64\debug\channel.obj
c:\users\stgo5015\documents\github\direct11_ff13\engine\default\x64\debug\cell.obj
c:\users\stgo5015\documents\github\direct11_ff13\engine\default\x64\debug\camera.obj
c:\users\stgo5015\documents\github\direct11_ff13\engine\default\x64\debug\bounding_sphere.obj
c:\users\stgo5015\documents\github\direct11_ff13\engine\default\x64\debug\bounding_obb.obj
c:\users\stgo5015\documents\github\direct11_ff13\engine\default\x64\debug\bounding_aabb.obj
c:\users\stgo5015\documents\github\direct11_ff13\engine\default\x64\debug\bounding.obj
c:\users\stgo5015\documents\github\direct11_ff13\engine\default\x64\debug\bone.obj
c:\users\stgo5015\documents\github\direct11_ff13\engine\default\x64\debug\base.obj
c:\users\stgo5015\documents\github\direct11_ff13\engine\default\x64\debug\animation.obj
c:\users\stgo5015\documents\github\direct11_ff13\engine\default\x64\debug\timer.obj
c:\users\stgo5015\documents\github\direct11_ff13\engine\default\x64\debug\texture.obj
c:\users\stgo5015\documents\github\direct11_ff13\engine\default\x64\debug\shader.obj
c:\users\stgo5015\documents\github\direct11_ff13\engine\default\x64\debug\renderer.obj
c:\users\stgo5015\documents\github\direct11_ff13\engine\default\x64\debug\pipeline.obj
c:\users\stgo5015\documents\github\direct11_ff13\engine\default\x64\debug\picking.obj
c:\users\stgo5015\documents\github\direct11_ff13\engine\default\x64\debug\partobject.obj
c:\users\stgo5015\documents\github\direct11_ff13\engine\default\x64\debug\observer_handler.obj
c:\users\stgo5015\documents\github\direct11_ff13\engine\default\x64\debug\observer.obj
c:\users\stgo5015\documents\github\direct11_ff13\engine\default\x64\debug\object_manager.obj
c:\users\stgo5015\documents\github\direct11_ff13\engine\default\x64\debug\navigation.obj
c:\users\stgo5015\documents\github\direct11_ff13\engine\default\x64\debug\model.obj
c:\users\stgo5015\documents\github\direct11_ff13\engine\default\x64\debug\mesh.obj
c:\users\stgo5015\documents\github\direct11_ff13\engine\default\x64\debug\light_manager.obj
c:\users\stgo5015\documents\github\direct11_ff13\engine\default\x64\debug\light.obj
c:\users\stgo5015\documents\github\direct11_ff13\engine\default\x64\debug\level_manager.obj
c:\users\stgo5015\documents\github\direct11_ff13\engine\default\x64\debug\level.obj
c:\users\stgo5015\documents\github\direct11_ff13\engine\default\x64\debug\layer.obj
c:\users\stgo5015\documents\github\direct11_ff13\engine\default\x64\debug\input_device.obj
c:\users\stgo5015\documents\github\direct11_ff13\engine\default\x64\debug\graphic_device.obj
c:\users\stgo5015\documents\github\direct11_ff13\engine\default\x64\debug\engine_struct.obj
c:\users\stgo5015\documents\github\direct11_ff13\engine\default\x64\debug\vibuffer_terrain.obj
c:\users\stgo5015\documents\github\direct11_ff13\engine\default\x64\debug\vibuffer_rect.obj
c:\users\stgo5015\documents\github\direct11_ff13\engine\default\x64\debug\vibuffer_line.obj
c:\users\stgo5015\documents\github\direct11_ff13\engine\default\x64\debug\vibuffer_instance_rect.obj
c:\users\stgo5015\documents\github\direct11_ff13\engine\default\x64\debug\vibuffer_instance.obj
c:\users\stgo5015\documents\github\direct11_ff13\engine\default\x64\debug\vibuffer_cube.obj
c:\users\stgo5015\documents\github\direct11_ff13\engine\default\x64\debug\vibuffer_cell.obj
c:\users\stgo5015\documents\github\direct11_ff13\engine\default\x64\debug\vibuffer.obj
c:\users\stgo5015\documents\github\direct11_ff13\engine\default\x64\debug\transform.obj
c:\users\stgo5015\documents\github\direct11_ff13\engine\default\x64\debug\timer_manager.obj
c:\users\stgo5015\documents\github\direct11_ff13\engine\default\x64\debug\collider_bone.obj
c:\users\stgo5015\documents\github\direct11_ff13\engine\bin\shader_cell.cso
c:\users\stgo5015\documents\github\direct11_ff13\engine\bin\engine.dll
c:\users\stgo5015\documents\github\direct11_ff13\engine\bin\engine.pdb
c:\users\stgo5015\documents\github\direct11_ff13\engine\bin\engine.lib
c:\users\stgo5015\documents\github\direct11_ff13\engine\bin\engine.exp
c:\users\stgo5015\documents\github\direct11_ff13\engine\default\x64\debug\engine.ilk
c:\users\stgo5015\documents\github\direct11_ff13\engine\default\x64\debug\engine.tlog\cl.command.1.tlog
c:\users\stgo5015\documents\github\direct11_ff13\engine\default\x64\debug\engine.tlog\cl.items.tlog
c:\users\stgo5015\documents\github\direct11_ff13\engine\default\x64\debug\engine.tlog\cl.read.1.tlog
c:\users\stgo5015\documents\github\direct11_ff13\engine\default\x64\debug\engine.tlog\cl.write.1.tlog
c:\users\stgo5015\documents\github\direct11_ff13\engine\default\x64\debug\engine.tlog\fxc.command.1.tlog
c:\users\stgo5015\documents\github\direct11_ff13\engine\default\x64\debug\engine.tlog\fxc.read.1.tlog
c:\users\stgo5015\documents\github\direct11_ff13\engine\default\x64\debug\engine.tlog\fxc.write.1.tlog
c:\users\stgo5015\documents\github\direct11_ff13\engine\default\x64\debug\engine.tlog\link.command.1.tlog
c:\users\stgo5015\documents\github\direct11_ff13\engine\default\x64\debug\engine.tlog\link.read.1.tlog
c:\users\stgo5015\documents\github\direct11_ff13\engine\default\x64\debug\engine.tlog\link.secondary.1.tlog
c:\users\stgo5015\documents\github\direct11_ff13\engine\default\x64\debug\engine.tlog\link.write.1.tlog
